c:\users\frank\desktop\code\gamejam33ld\debug\clientgame.pch
c:\users\frank\desktop\code\gamejam33ld\debug\vc120.pdb
c:\users\frank\desktop\code\gamejam33ld\debug\vc120.idb
c:\users\frank\desktop\code\gamejam33ld\debug\stdafx.obj
c:\users\frank\desktop\code\gamejam33ld\debug\angelluawrapping.obj
c:\users\frank\desktop\code\gamejam33ld\debug\augments.obj
c:\users\frank\desktop\code\gamejam33ld\debug\hero.obj
c:\users\frank\desktop\code\gamejam33ld\debug\ld33.obj
c:\users\frank\desktop\code\gamejam33ld\debug\level.obj
c:\users\frank\desktop\code\gamejam33ld\debug\monster.obj
c:\users\frank\desktop\code\gamejam33ld\debug\particle_system.obj
c:\users\frank\desktop\code\gamejam33ld\debug\source.obj
c:\users\frank\desktop\code\gamejam33ld\debug\utility.obj
c:\users\frank\desktop\code\gamejam33ld\debug\swordsman.obj
c:\users\frank\desktop\code\gamejam33ld\debug\clientgame.lib
c:\users\frank\desktop\code\gamejam33ld\debug\clientgame.exp
c:\users\frank\desktop\code\gamejam33ld\debug\clientgame.ilk
c:\users\frank\desktop\code\gamejam33ld\debug\clientgame.exe
c:\users\frank\desktop\code\gamejam33ld\debug\clientgame.pdb
c:\users\frank\desktop\code\gamejam33ld\debug\clientgame.res
c:\users\frank\desktop\code\gamejam33ld\debug\circle.obj
c:\users\frank\desktop\code\gamejam33ld\debug\circle_test.ilk
c:\users\frank\desktop\code\gamejam33ld\debug\ld33.ilk
c:\users\frank\desktop\code\gamejam33ld\debug\circle_test.pch
c:\users\frank\desktop\code\gamejam33ld\debug\ld33.pch
c:\users\frank\desktop\code\gamejam33ld\debug\circle_test.exp
c:\users\frank\desktop\code\gamejam33ld\debug\ld33.exp
c:\users\frank\desktop\code\gamejam33ld\debug\circle_test.pdb
c:\users\frank\desktop\code\gamejam33ld\debug\ld33.pdb
c:\users\frank\desktop\code\gamejam33ld\debug\clientgame.tlog\cl.command.1.tlog
c:\users\frank\desktop\code\gamejam33ld\debug\clientgame.tlog\cl.read.1.tlog
c:\users\frank\desktop\code\gamejam33ld\debug\clientgame.tlog\cl.write.1.tlog
c:\users\frank\desktop\code\gamejam33ld\debug\clientgame.tlog\clientgame.write.1u.tlog
c:\users\frank\desktop\code\gamejam33ld\debug\clientgame.tlog\link.command.1.tlog
c:\users\frank\desktop\code\gamejam33ld\debug\clientgame.tlog\link.read.1.tlog
c:\users\frank\desktop\code\gamejam33ld\debug\clientgame.tlog\link.write.1.tlog
c:\users\frank\desktop\code\gamejam33ld\debug\clientgame.tlog\rc.command.1.tlog
c:\users\frank\desktop\code\gamejam33ld\debug\clientgame.tlog\rc.read.1.tlog
c:\users\frank\desktop\code\gamejam33ld\debug\clientgame.tlog\rc.write.1.tlog
