Build started 8/23/2015 11:19:22 PM.
     1>Project "C:\Users\Frank\Desktop\Code\GameJam33LD\ClientGame.vcxproj" on node 2 (Build target(s)).
     1>C:\Program Files (x86)\MSBuild\Microsoft.Cpp\v4.0\V120\Microsoft.CppBuild.targets(388,5): warning MSB8028: The intermediate directory (Debug\) contains files shared from another project (Circle_Test.vcxproj, LD33.vcxproj).  This can lead to incorrect clean and rebuild behavior.
     1>PreBuildEvent:
         xcopy ..\Angel\Scripting\EngineScripts\* Resources\Scripts /y /e > nul
         
         cd ..\Tools\BuildScripts
         ..\..\Angel\Libraries\lua-5.2.1\Debug\lua.exe swig_wrap.lua -p "C:\Users\Frank\Desktop\Code\
         
         :VCEnd
         Interface files are up to date.
       ClCompile:
         C:\Program Files (x86)\Microsoft Visual Studio 12.0\VC\bin\CL.exe /c /Iinclude /IC:\Users\Frank\Desktop\Code\GameJam33LD\\..\Angel /I"C:\Users\Frank\Desktop\Code\GameJam33LD\\..\Angel\Libraries\freetype-2.4.8\include" /IC:\Users\Frank\Desktop\Code\GameJam33LD\\..\Angel\Libraries\FTGL\include /I"C:\Users\Frank\Desktop\Code\GameJam33LD\\..\Angel\Libraries\DevIL-SDK-1.7.8\win\include" /I"C:\Users\Frank\Desktop\Code\GameJam33LD\\..\Angel\Libraries\glfw-3.0.3\include" /I"C:\Users\Frank\Desktop\Code\GameJam33LD\\..\Angel\Libraries\Box2D-2.2.1" /I"C:\Users\Frank\Desktop\Code\GameJam33LD\\..\Angel\Libraries\lua-5.2.1\src" /IC:\Users\Frank\Desktop\Code\GameJam33LD\\..\Angel\Libraries\FMOD\inc /I"C:\Users\Frank\Desktop\Code\GameJam33LD\\..\Angel\Libraries\openal-soft-1.15-bin\include" /I"C:\Users\Frank\Desktop\Code\GameJam33LD\\..\Angel\Libraries\libogg-1.3.0\include" /I"C:\Users\Frank\Desktop\Code\GameJam33LD\\..\Angel\Libraries\libvorbis-1.3.2\include" /ZI /nologo /W3 /WX- /Od /Oy- /D WIN32 /D _DEBUG /D _CONSOLE /D FTGL_LIBRARY_STATIC /D ANGEL_DEBUG /D _UNICODE /D UNICODE /Gm /EHsc /RTC1 /MDd /GS /fp:precise /Zc:wchar_t /Zc:forScope /Yu"stdafx.h" /Fp"Debug\ClientGame.pch" /Fo"Debug\\" /Fd"Debug\vc120.pdb" /Gd /TP /wd4244 /analyze- /errorReport:prompt Augments.cpp Hero.cpp LD33.cpp Level.cpp Monster.cpp Particle_System.cpp source.cpp
         source.cpp
         Particle_System.cpp
     1>c:\users\frank\desktop\code\gamejam33ld\particle_system.cpp(19): warning C4305: 'argument' : truncation from 'double' to 'float'
     1>c:\users\frank\desktop\code\gamejam33ld\particle_system.cpp(29): warning C4018: '<' : signed/unsigned mismatch
         Monster.cpp
         Level.cpp
     1>c:\users\frank\desktop\code\gamejam33ld\level.cpp(20): warning C4018: '<' : signed/unsigned mismatch
     1>c:\users\frank\desktop\code\gamejam33ld\level.cpp(86): warning C4305: '=' : truncation from 'double' to 'float'
     1>c:\users\frank\desktop\code\gamejam33ld\level.cpp(142): warning C4305: '=' : truncation from 'double' to 'float'
         LD33.cpp
     1>c:\users\frank\desktop\code\gamejam33ld\ld33.cpp(65): warning C4305: 'argument' : truncation from 'double' to 'float'
     1>c:\users\frank\desktop\code\gamejam33ld\ld33.cpp(74): warning C4305: 'argument' : truncation from 'double' to 'float'
     1>c:\users\frank\desktop\code\gamejam33ld\ld33.cpp(83): warning C4305: 'argument' : truncation from 'double' to 'float'
         Hero.cpp
     1>c:\users\frank\desktop\code\gamejam33ld\hero.cpp(13): warning C4305: 'argument' : truncation from 'double' to 'float'
     1>c:\users\frank\desktop\code\gamejam33ld\hero.cpp(31): warning C4800: 'float' : forcing value to bool 'true' or 'false' (performance warning)
     1>c:\users\frank\desktop\code\gamejam33ld\hero.cpp(90): warning C4804: '>' : unsafe use of type 'bool' in operation
     1>c:\users\frank\desktop\code\gamejam33ld\hero.cpp(134): warning C4804: '>' : unsafe use of type 'bool' in operation
     1>c:\users\frank\desktop\code\gamejam33ld\hero.cpp(138): warning C4305: '=' : truncation from 'double' to 'float'
     1>c:\users\frank\desktop\code\gamejam33ld\hero.cpp(144): warning C4305: 'argument' : truncation from 'double' to 'float'
     1>c:\users\frank\desktop\code\gamejam33ld\hero.cpp(145): warning C4305: 'argument' : truncation from 'double' to 'float'
     1>c:\users\frank\desktop\code\gamejam33ld\hero.cpp(154): warning C4305: 'argument' : truncation from 'double' to 'float'
     1>c:\users\frank\desktop\code\gamejam33ld\hero.cpp(155): warning C4305: 'argument' : truncation from 'double' to 'float'
     1>c:\users\frank\desktop\code\gamejam33ld\hero.cpp(253): warning C4305: '=' : truncation from 'double' to 'float'
     1>c:\users\frank\desktop\code\gamejam33ld\hero.cpp(254): warning C4305: '=' : truncation from 'double' to 'float'
     1>c:\users\frank\desktop\code\gamejam33ld\hero.cpp(263): warning C4804: '<=' : unsafe use of type 'bool' in operation
     1>c:\users\frank\desktop\code\gamejam33ld\hero.cpp(267): warning C4305: '=' : truncation from 'double' to 'float'
     1>c:\users\frank\desktop\code\gamejam33ld\hero.cpp(268): warning C4305: 'argument' : truncation from 'double' to 'float'
     1>c:\users\frank\desktop\code\gamejam33ld\hero.cpp(326): warning C4305: 'argument' : truncation from 'double' to 'float'
         Augments.cpp
     1>c:\users\frank\desktop\code\gamejam33ld\augments.cpp(150): warning C4305: 'argument' : truncation from 'double' to 'float'
         Generating Code...
     1>c:\users\frank\desktop\code\gamejam33ld\augments.cpp(26): warning C4715: 'R_Off_Y' : not all control paths return a value
     1>c:\users\frank\desktop\code\gamejam33ld\augments.cpp(17): warning C4715: 'R_Off_X' : not all control paths return a value
       Link:
         C:\Program Files (x86)\Microsoft Visual Studio 12.0\VC\bin\link.exe /ERRORREPORT:PROMPT /OUT:"Debug\ClientGame.exe" /INCREMENTAL /NOLOGO /LIBPATH:lib\x86 /LIBPATH:"C:\Users\Frank\Desktop\Code\GameJam33LD\\..\Angel\Libraries\DevIL-SDK-1.7.8\win\lib" /LIBPATH:C:\Users\Frank\Desktop\Code\GameJam33LD\\..\Angel\Libraries\FMOD\lib /LIBPATH:"C:\Users\Frank\Desktop\Code\GameJam33LD\\..\Angel\Libraries\glfw-3.0.3\Debug" /LIBPATH:C:\Users\Frank\Desktop\Code\GameJam33LD\\..\Angel\Libraries\FTGL\win32_vcpp\build\Debug /LIBPATH:"C:\Users\Frank\Desktop\Code\GameJam33LD\\..\Angel\Libraries\freetype-2.4.8\objs\win32\vc2010\\" /LIBPATH:"C:\Users\Frank\Desktop\Code\GameJam33LD\\..\Angel\Libraries\Box2D-2.2.1\Build\vs2010\Debug" /LIBPATH:"C:\Users\Frank\Desktop\Code\GameJam33LD\\..\Angel\Libraries\lua-5.2.1\Debug" /LIBPATH:"C:\Users\Frank\Desktop\Code\GameJam33LD\\..\Angel\Libraries\openal-soft-1.15-bin\lib\Win32" /LIBPATH:"C:\Users\Frank\Desktop\Code\GameJam33LD\\..\Angel\Libraries\libogg-1.3.0\win32\VS2010\Win32\Debug" /LIBPATH:"C:\Users\Frank\Desktop\Code\GameJam33LD\\..\Angel\Libraries\libvorbis-1.3.2\win32\VS2010\libvorbis\Win32\Debug" /LIBPATH:"C:\Users\Frank\Desktop\Code\GameJam33LD\\..\Angel\Libraries\libvorbis-1.3.2\win32\VS2010\libvorbisfile\Win32\Debug" /LIBPATH:C:\Users\Frank\Desktop\Code\GameJam33LD\\..\Angel\Libraries\gwen\lib\windows\vs2010 /LIBPATH:C:\Users\Frank\Desktop\Code\GameJam33LD\\..\Angel\Debug libpng.lib zlib.lib DevIL.lib ILU.lib ILUT.lib opengl32.lib glu32.lib fmodex_vc.lib _GLFW.lib _FTGL.lib freetype248_D.lib Box2D.lib Angel.lib Lua.lib libOpenAL32.dll.a _libogg.lib _libvorbis.lib _libvorbisfile.lib gwen_staticd.lib kernel32.lib user32.lib gdi32.lib winspool.lib comdlg32.lib advapi32.lib shell32.lib ole32.lib oleaut32.lib uuid.lib odbc32.lib odbccp32.lib /NODEFAULTLIB:LIBCMTD.LIB /NODEFAULTLIB:MSVCRT.LIB /MANIFEST /MANIFESTUAC:"level='asInvoker' uiAccess='false'" /manifest:embed /DEBUG /PDB:"Debug\ClientGame.pdb" /SUBSYSTEM:CONSOLE /TLBID:1 /DYNAMICBASE:NO /IMPLIB:"Debug\ClientGame.lib" /MACHINE:X86 /SAFESEH Debug\ClientGame.res
         Debug\AngelLuaWrapping.obj
         Debug\Augments.obj
         Debug\Hero.obj
         Debug\LD33.obj
         Debug\Level.obj
         Debug\Monster.obj
         Debug\Particle_System.obj
         Debug\source.obj
         Debug\stdafx.obj
         Debug\utility.obj
         LINK : Debug\ClientGame.exe not found or not built by the last incremental link; performing full link
     1>AngelLuaWrapping.obj : warning LNK4075: ignoring '/EDITANDCONTINUE' due to '/SAFESEH' specification
            Creating library Debug\ClientGame.lib and object Debug\ClientGame.exp
         ClientGame.vcxproj -> C:\Users\Frank\Desktop\Code\GameJam33LD\Debug\ClientGame.exe
       PostBuildEvent:
         copy ..\Angel\Libraries\DevIL-SDK-1.7.8\win\lib\DevIL.dll . /y > nul
         copy ..\Angel\Libraries\DevIL-SDK-1.7.8\win\lib\ILU.dll . /y > nul
         copy ..\Angel\Libraries\DevIL-SDK-1.7.8\win\lib\ILUT.dll . /y > nul
         xcopy ..\Angel\Libraries\FMOD\*.dll . /y > nul
         copy ..\Angel\Libraries\openal-soft-1.15-bin\Win32\soft_oal.dll .\OpenAL32.dll /y > nul
         
         :VCEnd
     1>Done Building Project "C:\Users\Frank\Desktop\Code\GameJam33LD\ClientGame.vcxproj" (Build target(s)).

Build succeeded.

Time Elapsed 00:00:03.50
