c:\users\the shire\desktop\ludum_dare\ludumdare33\code\clientgame\release\clientgame.pch
c:\users\the shire\desktop\ludum_dare\ludumdare33\code\clientgame\release\vc120.pdb
c:\users\the shire\desktop\ludum_dare\ludumdare33\code\clientgame\release\stdafx.obj
c:\users\the shire\desktop\ludum_dare\ludumdare33\code\clientgame\release\angelluawrapping.obj
c:\users\the shire\desktop\ludum_dare\ludumdare33\code\clientgame\release\utility.obj
c:\users\the shire\desktop\ludum_dare\ludumdare33\code\clientgame\release\source.obj
c:\users\the shire\desktop\ludum_dare\ludumdare33\code\clientgame\release\monster.obj
c:\users\the shire\desktop\ludum_dare\ludumdare33\code\clientgame\release\level.obj
c:\users\the shire\desktop\ludum_dare\ludumdare33\code\clientgame\release\ld33.obj
c:\users\the shire\desktop\ludum_dare\ludumdare33\code\clientgame\release\augments.obj
c:\users\the shire\desktop\ludum_dare\ludumdare33\code\clientgame\release\clientgame.res
c:\users\the shire\desktop\ludum_dare\ludumdare33\code\clientgame\release\clientgame.exp
c:\users\the shire\desktop\ludum_dare\ludumdare33\code\clientgame\release\clientgame.tlog\cl.command.1.tlog
c:\users\the shire\desktop\ludum_dare\ludumdare33\code\clientgame\release\clientgame.tlog\cl.read.1.tlog
c:\users\the shire\desktop\ludum_dare\ludumdare33\code\clientgame\release\clientgame.tlog\cl.write.1.tlog
c:\users\the shire\desktop\ludum_dare\ludumdare33\code\clientgame\release\clientgame.tlog\link.command.1.tlog
c:\users\the shire\desktop\ludum_dare\ludumdare33\code\clientgame\release\clientgame.tlog\link.read.1.tlog
c:\users\the shire\desktop\ludum_dare\ludumdare33\code\clientgame\release\clientgame.tlog\link.write.1.tlog
c:\users\the shire\desktop\ludum_dare\ludumdare33\code\clientgame\release\clientgame.tlog\rc.command.1.tlog
c:\users\the shire\desktop\ludum_dare\ludumdare33\code\clientgame\release\clientgame.tlog\rc.read.1.tlog
c:\users\the shire\desktop\ludum_dare\ludumdare33\code\clientgame\release\clientgame.tlog\rc.write.1.tlog
